<?xml version="1.0" encoding="UTF-8"?>
<testng-results skipped="0" failed="0" ignored="0" total="1" passed="1">
  <reporter-output>
  </reporter-output>
  <suite name="Suite" duration-ms="2611" started-at="2020-09-14T00:51:16 IST" finished-at="2020-09-14T00:51:19 IST">
    <groups>
      <group name="cucumber">
        <method signature="TestRunner.feature(cucumber.api.testng.CucumberFeatureWrapper)[pri:0, instance:testRunner.TestRunner@305fd85d]" name="feature" class="testRunner.TestRunner"/>
      </group> <!-- cucumber -->
    </groups>
    <test name="Test" duration-ms="2611" started-at="2020-09-14T00:51:16 IST" finished-at="2020-09-14T00:51:19 IST">
      <class name="testRunner.TestRunner">
        <test-method status="PASS" signature="setUpCucumber()[pri:0, instance:testRunner.TestRunner@305fd85d]" name="setUpCucumber" is-config="true" duration-ms="158" started-at="2020-09-14T00:51:16 IST" finished-at="2020-09-14T00:51:16 IST">
          <reporter-output>
          </reporter-output>
        </test-method> <!-- setUpCucumber -->
        <test-method status="PASS" signature="feature(cucumber.api.testng.CucumberFeatureWrapper)[pri:0, instance:testRunner.TestRunner@305fd85d]" name="feature" duration-ms="2367" started-at="2020-09-14T00:51:16 IST" description="Runs Cucumber Feature" data-provider="features" finished-at="2020-09-14T00:51:19 IST">
          <params>
            <param index="0">
              <value>
                <![CDATA[Space X API Requests]]>
              </value>
            </param>
          </params>
          <reporter-output>
          </reporter-output>
        </test-method> <!-- feature -->
        <test-method status="PASS" signature="tearDownClass()[pri:0, instance:testRunner.TestRunner@305fd85d]" name="tearDownClass" is-config="true" duration-ms="19" started-at="2020-09-14T00:51:19 IST" finished-at="2020-09-14T00:51:19 IST">
          <reporter-output>
          </reporter-output>
        </test-method> <!-- tearDownClass -->
      </class> <!-- testRunner.TestRunner -->
    </test> <!-- Test -->
  </suite> <!-- Suite -->
</testng-results>
